<?xml version="1.0" encoding="UTF-8"?>
<!-- Generated by org.testng.reporters.JUnitReportReporter -->
<testsuite hostname="DESKTOP-FM6A0G3" failures="0" tests="1" name="com.selenium.framework.register.RegisterTest" time="6.327" errors="0" timestamp="2022-09-04T08:57:35 IST" skipped="0">
  <testcase classname="com.selenium.framework.register.RegisterTest" name="dovalidregistration" time="6.327"/>
  <system-out/>
</testsuite> <!-- com.selenium.framework.register.RegisterTest -->
