<?xml version="1.0" encoding="UTF-8"?>
<!-- Generated by org.testng.reporters.JUnitReportReporter -->
<testsuite hostname="DESKTOP-FM6A0G3" failures="0" tests="1" name="com.selenium.framework.home.HomeTest" time="0.310" errors="0" timestamp="2022-09-10T10:16:22 IST" skipped="0">
  <testcase classname="com.selenium.framework.home.HomeTest" name="verifyTitleandURL" time="0.310"/>
  <system-out/>
</testsuite> <!-- com.selenium.framework.home.HomeTest -->
