<?xml version="1.0" encoding="UTF-8"?>
<!-- Generated by org.testng.reporters.JUnitReportReporter -->
<testsuite hostname="DESKTOP-FM6A0G3" failures="0" tests="1" name="com.selenium.framework.myAccount.MyAccountTest" time="3.167" errors="0" timestamp="2022-09-10T12:25:21 IST" skipped="0">
  <testcase classname="com.selenium.framework.myAccount.MyAccountTest" name="verifywishlistbtn" time="3.167"/>
  <system-out/>
</testsuite> <!-- com.selenium.framework.myAccount.MyAccountTest -->
